<?xml version="1.0" encoding="UTF-8"?>
<!-- Generated by org.testng.reporters.JUnitReportReporter -->
<testsuite hostname="LAPTOP-TCRRU1BC" failures="0" tests="3" name="practiceScripts.TessttPri" time="0.036" errors="0" timestamp="2022-10-27T08:29:03 IST" skipped="0">
  <testcase classname="practiceScripts.TessttPri" name="cat" time="0.025"/>
  <system-out/>
  <testcase classname="practiceScripts.TessttPri" name="snake" time="0.009"/>
  <system-out/>
  <testcase classname="practiceScripts.TessttPri" name="dog" time="0.002"/>
  <system-out/>
</testsuite> <!-- practiceScripts.TessttPri -->
