<?xml version="1.0" encoding="UTF-8"?>
<!-- Generated by org.testng.reporters.JUnitReportReporter -->
<testsuite hostname="LAPTOP-TCRRU1BC" failures="0" tests="1" name="practiceScripts.TeeestNotations" time="0.014" errors="0" timestamp="2022-10-28T20:22:33 IST" skipped="0">
  <testcase classname="practiceScripts.TeeestNotations" name="test" time="0.014"/>
  <system-out/>
</testsuite> <!-- practiceScripts.TeeestNotations -->
