<?xml version="1.0" encoding="UTF-8"?>
<!-- Generated by org.testng.reporters.JUnitReportReporter -->
<testsuite hostname="LAPTOP-TCRRU1BC" failures="0" tests="1" name="practiceScripts.TesttN" time="72.059" errors="0" timestamp="2022-10-26T08:59:35 IST" skipped="0">
  <testcase classname="practiceScripts.TesttN" name="test1" time="72.059"/>
  <system-out>
facebook  </system-out>
</testsuite> <!-- practiceScripts.TesttN -->
